<?xml version="1.0" encoding="UTF-8"?>
<!-- Generated by org.testng.reporters.JUnitReportReporter -->
<testsuite hostname="DESKTOP-V6BGOSB" failures="0" tests="1" name="com.crm.qa.testdata.NewTest" time="0.015" errors="0" timestamp="2022-06-06T13:20:43 IST" skipped="0">
  <testcase classname="com.crm.qa.testdata.NewTest" name="f" time="0.015"/>
  <system-out/>
</testsuite> <!-- com.crm.qa.testdata.NewTest -->
